{
  "stats": {
    "suites": 2,
    "tests": 6,
    "passes": 6,
    "pending": 0,
    "failures": 0,
    "start": "2025-03-19T23:33:23.079Z",
    "end": "2025-03-19T23:33:27.872Z",
    "duration": 4793,
    "testsRegistered": 6,
    "passPercent": 100,
    "pendingPercent": 0,
    "other": 0,
    "hasOther": false,
    "skipped": 0,
    "hasSkipped": false
  },
  "results": [
    {
      "uuid": "28b7b9f1-6633-48ae-80c4-19b5344da736",
      "title": "",
      "fullFile": "",
      "file": "",
      "beforeHooks": [],
      "afterHooks": [],
      "tests": [],
      "suites": [
        {
          "uuid": "76c3812a-a030-4784-a5c8-40753dddb1eb",
          "title": "Testes de categorias",
          "fullFile": "/home/runner/work/testes-api-qa/testes-api-qa/Testes/categories/categories.spec.js",
          "file": "/Testes/categories/categories.spec.js",
          "beforeHooks": [
            {
              "title": "\"before all\" hook in \"Testes de categorias\"",
              "fullTitle": "Testes de categorias \"before all\" hook in \"Testes de categorias\"",
              "timedOut": false,
              "duration": 879,
              "state": null,
              "speed": null,
              "pass": false,
              "fail": false,
              "pending": false,
              "context": null,
              "code": "token = await spec()\n  .post(\"/public/authUser\")\n  .withJson({\n    email: \"admin@admin.com\",\n    password: \"admin123\",\n  })\n  .returns(\"data.token\");",
              "err": {},
              "uuid": "1c5f3554-9c1c-4c6d-8a07-262f4d8c88de",
              "parentUUID": "76c3812a-a030-4784-a5c8-40753dddb1eb",
              "isHook": true,
              "skipped": false
            }
          ],
          "afterHooks": [],
          "tests": [
            {
              "title": "Deve criar uma categoria com sucesso",
              "fullTitle": "Testes de categorias Deve criar uma categoria com sucesso",
              "timedOut": false,
              "duration": 579,
              "state": "passed",
              "speed": "slow",
              "pass": true,
              "fail": false,
              "pending": false,
              "context": null,
              "code": "const response = await spec()\n  .post(\"/api/addCategory\")\n  .withHeaders(\"authorization\", token)\n  .withJson({\n    name: \"Celulares\",\n    photo: \"any\",\n  })\n  .expectStatus(200)\n  .expectJsonMatch(categorySchema);\ncategoryId = response.body.data._id;",
              "err": {},
              "uuid": "771172b8-209a-459a-9be5-1af429a863d0",
              "parentUUID": "76c3812a-a030-4784-a5c8-40753dddb1eb",
              "isHook": false,
              "skipped": false
            },
            {
              "title": "Deve editar uma categoria existente com sucesso",
              "fullTitle": "Testes de categorias Deve editar uma categoria existente com sucesso",
              "timedOut": false,
              "duration": 707,
              "state": "passed",
              "speed": "slow",
              "pass": true,
              "fail": false,
              "pending": false,
              "context": null,
              "code": "await spec()\n  .put(`/api/editCategory/${categoryId}`)\n  .withHeaders(\"authorization\", token)\n  .withJson({\n    name: \"Celulares baratos\",\n    photo: \"any\",\n  })\n  .expectStatus(200)\n  .expectJsonMatch({\n    success: true,\n    message: \"category updated\",\n  });",
              "err": {},
              "uuid": "a692b084-03ee-4dfd-a2bb-7046a44b1419",
              "parentUUID": "76c3812a-a030-4784-a5c8-40753dddb1eb",
              "isHook": false,
              "skipped": false
            },
            {
              "title": "Deve excluir uma categoria existente com sucesso",
              "fullTitle": "Testes de categorias Deve excluir uma categoria existente com sucesso",
              "timedOut": false,
              "duration": 590,
              "state": "passed",
              "speed": "slow",
              "pass": true,
              "fail": false,
              "pending": false,
              "context": null,
              "code": "await spec()\n  .delete(`/api/deleteCategory/${categoryId}`)\n  .withHeaders(\"authorization\", token)\n  .expectStatus(200)\n  .expectJsonMatch({\n    success: true,\n    message: \"category deleted\",\n  });",
              "err": {},
              "uuid": "7f2584c0-65f5-46da-ae03-dacd1cac47f1",
              "parentUUID": "76c3812a-a030-4784-a5c8-40753dddb1eb",
              "isHook": false,
              "skipped": false
            }
          ],
          "suites": [],
          "passes": [
            "771172b8-209a-459a-9be5-1af429a863d0",
            "a692b084-03ee-4dfd-a2bb-7046a44b1419",
            "7f2584c0-65f5-46da-ae03-dacd1cac47f1"
          ],
          "failures": [],
          "pending": [],
          "skipped": [],
          "duration": 1876,
          "root": false,
          "rootEmpty": false,
          "_timeout": 2000
        },
        {
          "uuid": "232f3bd0-00f8-4922-a2b9-a10baa28a2d0",
          "title": "Testes de produtos",
          "fullFile": "/home/runner/work/testes-api-qa/testes-api-qa/Testes/products/products.spec.js",
          "file": "/Testes/products/products.spec.js",
          "beforeHooks": [
            {
              "title": "\"before all\" hook in \"Testes de produtos\"",
              "fullTitle": "Testes de produtos \"before all\" hook in \"Testes de produtos\"",
              "timedOut": false,
              "duration": 919,
              "state": null,
              "speed": null,
              "pass": false,
              "fail": false,
              "pending": false,
              "context": null,
              "code": "token = await spec()\n  .post(\"/public/authUser\")\n  .withJson({\n    email: \"admin@admin.com\",\n    password: \"admin123\",\n  })\n  .returns(\"data.token\");",
              "err": {},
              "uuid": "39cab33f-5323-4dd1-9ad8-e3b4b798e556",
              "parentUUID": "232f3bd0-00f8-4922-a2b9-a10baa28a2d0",
              "isHook": true,
              "skipped": false
            }
          ],
          "afterHooks": [],
          "tests": [
            {
              "title": "Deve criar um produto com sucesso",
              "fullTitle": "Testes de produtos Deve criar um produto com sucesso",
              "timedOut": false,
              "duration": 276,
              "state": "passed",
              "speed": "slow",
              "pass": true,
              "fail": false,
              "pending": false,
              "context": null,
              "code": "const response = await spec()\n  .post(\"/api/addProduct\")\n  .withHeaders(\"authorization\", token)\n  .withJson({\n    name: \"Camiseta EBAC\",\n    price: 159.99,\n    quantity: 50,\n    categories: [\"6543a21b1c9d440001abc124\"],\n    description: \"Camiseta 100% algodão\",\n    photos: [\"https://exemplo.com/camiseta-bonita.jpg\"],\n    popular: true,\n    visible: true,\n  })\n  .expectStatus(200)\n  .expectJsonMatch(productSchema);\nproductId = response.body.data._id;",
              "err": {},
              "uuid": "d96e28cc-9793-496e-8ad2-dbbd9c2a3932",
              "parentUUID": "232f3bd0-00f8-4922-a2b9-a10baa28a2d0",
              "isHook": false,
              "skipped": false
            },
            {
              "title": "Deve editar um produto existente com sucesso",
              "fullTitle": "Testes de produtos Deve editar um produto existente com sucesso",
              "timedOut": false,
              "duration": 557,
              "state": "passed",
              "speed": "slow",
              "pass": true,
              "fail": false,
              "pending": false,
              "context": null,
              "code": "await spec()\n  .put(`/api/editProduct/${productId}`)\n  .withHeaders(\"authorization\", token)\n  .withJson({\n    name: \"Iphone 16 Pro\",\n    price: 5500.0,\n  })\n  .expectStatus(200)\n  .expectJsonMatch({\n    success: true,\n    message: \"product updated\",\n  });",
              "err": {},
              "uuid": "9f8ddf22-8f7d-4aff-bd36-93e48a41ed05",
              "parentUUID": "232f3bd0-00f8-4922-a2b9-a10baa28a2d0",
              "isHook": false,
              "skipped": false
            },
            {
              "title": "Deve deletar um produto existente com sucesso",
              "fullTitle": "Testes de produtos Deve deletar um produto existente com sucesso",
              "timedOut": false,
              "duration": 278,
              "state": "passed",
              "speed": "slow",
              "pass": true,
              "fail": false,
              "pending": false,
              "context": null,
              "code": "await spec()\n  .delete(`/api/deleteProduct/${productId}`)\n  .withHeaders(\"authorization\", token)\n  .expectStatus(200)\n  .expectJsonMatch({\n    success: true,\n    message: \"product deleted\",\n  });",
              "err": {},
              "uuid": "87ddb402-c135-48f6-a2fa-00142bc5c50c",
              "parentUUID": "232f3bd0-00f8-4922-a2b9-a10baa28a2d0",
              "isHook": false,
              "skipped": false
            }
          ],
          "suites": [],
          "passes": [
            "d96e28cc-9793-496e-8ad2-dbbd9c2a3932",
            "9f8ddf22-8f7d-4aff-bd36-93e48a41ed05",
            "87ddb402-c135-48f6-a2fa-00142bc5c50c"
          ],
          "failures": [],
          "pending": [],
          "skipped": [],
          "duration": 1111,
          "root": false,
          "rootEmpty": false,
          "_timeout": 2000
        }
      ],
      "passes": [],
      "failures": [],
      "pending": [],
      "skipped": [],
      "duration": 0,
      "root": true,
      "rootEmpty": true,
      "_timeout": 2000
    }
  ],
  "meta": {
    "mocha": {
      "version": "10.8.2"
    },
    "mochawesome": {
      "options": {
        "quiet": false,
        "reportFilename": "mochawesome",
        "saveHtml": true,
        "saveJson": true,
        "consoleReporter": "spec",
        "useInlineDiffs": false,
        "code": true
      },
      "version": "7.1.3"
    },
    "marge": {
      "options": null,
      "version": "6.2.0"
    }
  }
}