{
  "stats": {
    "suites": 2,
    "tests": 6,
    "passes": 6,
    "pending": 0,
    "failures": 0,
    "start": "2025-03-19T23:24:54.091Z",
    "end": "2025-03-19T23:24:58.508Z",
    "duration": 4417,
    "testsRegistered": 6,
    "passPercent": 100,
    "pendingPercent": 0,
    "other": 0,
    "hasOther": false,
    "skipped": 0,
    "hasSkipped": false
  },
  "results": [
    {
      "uuid": "a0cd3d15-5619-4a8e-91e1-de2fe3ef991a",
      "title": "",
      "fullFile": "",
      "file": "",
      "beforeHooks": [],
      "afterHooks": [],
      "tests": [],
      "suites": [
        {
          "uuid": "9f7f2b63-f84e-40bf-af58-a2872de12ef2",
          "title": "Testes de categorias",
          "fullFile": "/home/runner/work/testes-api-qa/testes-api-qa/Testes/categories/categories.spec.js",
          "file": "/Testes/categories/categories.spec.js",
          "beforeHooks": [
            {
              "title": "\"before all\" hook in \"Testes de categorias\"",
              "fullTitle": "Testes de categorias \"before all\" hook in \"Testes de categorias\"",
              "timedOut": false,
              "duration": 974,
              "state": null,
              "speed": null,
              "pass": false,
              "fail": false,
              "pending": false,
              "context": null,
              "code": "token = await spec()\n  .post(\"/public/authUser\")\n  .withJson({\n    email: \"admin@admin.com\",\n    password: \"admin123\",\n  })\n  .returns(\"data.token\");",
              "err": {},
              "uuid": "048706da-eaca-413c-8105-63d42c903ca2",
              "parentUUID": "9f7f2b63-f84e-40bf-af58-a2872de12ef2",
              "isHook": true,
              "skipped": false
            }
          ],
          "afterHooks": [],
          "tests": [
            {
              "title": "Deve criar uma categoria com sucesso",
              "fullTitle": "Testes de categorias Deve criar uma categoria com sucesso",
              "timedOut": false,
              "duration": 553,
              "state": "passed",
              "speed": "slow",
              "pass": true,
              "fail": false,
              "pending": false,
              "context": null,
              "code": "const response = await spec()\n  .post(\"/api/addCategory\")\n  .withHeaders(\"authorization\", token)\n  .withJson({\n    name: \"Celulares\",\n    photo: \"any\",\n  })\n  .expectStatus(200)\n  .expectJsonMatch(categorySchema);\ncategoryId = response.body.data._id;",
              "err": {},
              "uuid": "e1d5b1df-9bd7-495e-bb7a-754c29a20227",
              "parentUUID": "9f7f2b63-f84e-40bf-af58-a2872de12ef2",
              "isHook": false,
              "skipped": false
            },
            {
              "title": "Deve editar uma categoria existente com sucesso",
              "fullTitle": "Testes de categorias Deve editar uma categoria existente com sucesso",
              "timedOut": false,
              "duration": 689,
              "state": "passed",
              "speed": "slow",
              "pass": true,
              "fail": false,
              "pending": false,
              "context": null,
              "code": "await spec()\n  .put(`/api/editCategory/${categoryId}`)\n  .withHeaders(\"authorization\", token)\n  .withJson({\n    name: \"Celulares baratos\",\n    photo: \"any\",\n  })\n  .expectStatus(200)\n  .expectJsonMatch({\n    success: true,\n    message: \"category updated\",\n  });",
              "err": {},
              "uuid": "e578970c-f9e4-40d4-9a5c-ecb19f9be571",
              "parentUUID": "9f7f2b63-f84e-40bf-af58-a2872de12ef2",
              "isHook": false,
              "skipped": false
            },
            {
              "title": "Deve excluir uma categoria existente com sucesso",
              "fullTitle": "Testes de categorias Deve excluir uma categoria existente com sucesso",
              "timedOut": false,
              "duration": 529,
              "state": "passed",
              "speed": "slow",
              "pass": true,
              "fail": false,
              "pending": false,
              "context": null,
              "code": "await spec()\n  .delete(`/api/deleteCategory/${categoryId}`)\n  .withHeaders(\"authorization\", token)\n  .expectStatus(200)\n  .expectJsonMatch({\n    success: true,\n    message: \"category deleted\",\n  });",
              "err": {},
              "uuid": "6d789424-0df4-4f5b-bec8-8412e69ec0dd",
              "parentUUID": "9f7f2b63-f84e-40bf-af58-a2872de12ef2",
              "isHook": false,
              "skipped": false
            }
          ],
          "suites": [],
          "passes": [
            "e1d5b1df-9bd7-495e-bb7a-754c29a20227",
            "e578970c-f9e4-40d4-9a5c-ecb19f9be571",
            "6d789424-0df4-4f5b-bec8-8412e69ec0dd"
          ],
          "failures": [],
          "pending": [],
          "skipped": [],
          "duration": 1771,
          "root": false,
          "rootEmpty": false,
          "_timeout": 2000
        },
        {
          "uuid": "daade984-4099-4ec9-bfde-ce52c9adaa2c",
          "title": "Testes de produtos",
          "fullFile": "/home/runner/work/testes-api-qa/testes-api-qa/Testes/products/products.spec.js",
          "file": "/Testes/products/products.spec.js",
          "beforeHooks": [
            {
              "title": "\"before all\" hook in \"Testes de produtos\"",
              "fullTitle": "Testes de produtos \"before all\" hook in \"Testes de produtos\"",
              "timedOut": false,
              "duration": 576,
              "state": null,
              "speed": null,
              "pass": false,
              "fail": false,
              "pending": false,
              "context": null,
              "code": "token = await spec()\n  .post(\"/public/authUser\")\n  .withJson({\n    email: \"admin@admin.com\",\n    password: \"admin123\",\n  })\n  .returns(\"data.token\");",
              "err": {},
              "uuid": "f6b3ea2e-c322-4dec-bf00-7b6c21e472dd",
              "parentUUID": "daade984-4099-4ec9-bfde-ce52c9adaa2c",
              "isHook": true,
              "skipped": false
            }
          ],
          "afterHooks": [],
          "tests": [
            {
              "title": "Deve criar um produto com sucesso",
              "fullTitle": "Testes de produtos Deve criar um produto com sucesso",
              "timedOut": false,
              "duration": 280,
              "state": "passed",
              "speed": "slow",
              "pass": true,
              "fail": false,
              "pending": false,
              "context": null,
              "code": "const response = await spec()\n  .post(\"/api/addProduct\")\n  .withHeaders(\"authorization\", token)\n  .withJson({\n    name: \"Camiseta EBAC\",\n    price: 159.99,\n    quantity: 50,\n    categories: [\"6543a21b1c9d440001abc124\"],\n    description: \"Camiseta 100% algodão\",\n    photos: [\"https://exemplo.com/camiseta-bonita.jpg\"],\n    popular: true,\n    visible: true,\n  })\n  .expectStatus(200)\n  .expectJsonMatch(productSchema);\nproductId = response.body.data._id;",
              "err": {},
              "uuid": "1b6a2e88-4a2a-4395-ab78-2f29c56d849c",
              "parentUUID": "daade984-4099-4ec9-bfde-ce52c9adaa2c",
              "isHook": false,
              "skipped": false
            },
            {
              "title": "Deve editar um produto existente com sucesso",
              "fullTitle": "Testes de produtos Deve editar um produto existente com sucesso",
              "timedOut": false,
              "duration": 524,
              "state": "passed",
              "speed": "slow",
              "pass": true,
              "fail": false,
              "pending": false,
              "context": null,
              "code": "await spec()\n  .put(`/api/editProduct/${productId}`)\n  .withHeaders(\"authorization\", token)\n  .withJson({\n    name: \"Iphone 16 Pro\",\n    price: 5500.0,\n  })\n  .expectStatus(200)\n  .expectJsonMatch({\n    success: true,\n    message: \"product updated\",\n  });",
              "err": {},
              "uuid": "638381e6-0290-4469-b44c-41e0fca4b1bf",
              "parentUUID": "daade984-4099-4ec9-bfde-ce52c9adaa2c",
              "isHook": false,
              "skipped": false
            },
            {
              "title": "Deve deletar um produto existente com sucesso",
              "fullTitle": "Testes de produtos Deve deletar um produto existente com sucesso",
              "timedOut": false,
              "duration": 285,
              "state": "passed",
              "speed": "slow",
              "pass": true,
              "fail": false,
              "pending": false,
              "context": null,
              "code": "await spec()\n  .delete(`/api/deleteProduct/${productId}`)\n  .withHeaders(\"authorization\", token)\n  .expectStatus(200)\n  .expectJsonMatch({\n    success: true,\n    message: \"product deleted\",\n  });",
              "err": {},
              "uuid": "46146902-9ad1-458e-b8f9-614795b9201a",
              "parentUUID": "daade984-4099-4ec9-bfde-ce52c9adaa2c",
              "isHook": false,
              "skipped": false
            }
          ],
          "suites": [],
          "passes": [
            "1b6a2e88-4a2a-4395-ab78-2f29c56d849c",
            "638381e6-0290-4469-b44c-41e0fca4b1bf",
            "46146902-9ad1-458e-b8f9-614795b9201a"
          ],
          "failures": [],
          "pending": [],
          "skipped": [],
          "duration": 1089,
          "root": false,
          "rootEmpty": false,
          "_timeout": 2000
        }
      ],
      "passes": [],
      "failures": [],
      "pending": [],
      "skipped": [],
      "duration": 0,
      "root": true,
      "rootEmpty": true,
      "_timeout": 2000
    }
  ],
  "meta": {
    "mocha": {
      "version": "10.8.2"
    },
    "mochawesome": {
      "options": {
        "quiet": false,
        "reportFilename": "mochawesome",
        "saveHtml": true,
        "saveJson": true,
        "consoleReporter": "spec",
        "useInlineDiffs": false,
        "code": true
      },
      "version": "7.1.3"
    },
    "marge": {
      "options": null,
      "version": "6.2.0"
    }
  }
}